<?xml version="1.0" encoding="UTF-8"?>
<!-- Generated by org.testng.reporters.JUnitReportReporter -->
<testsuite hostname="DESKTOP-16K4T19" failures="0" tests="1" name="TestCaseIrctc.Verify" time="15.076" errors="0" timestamp="2023-02-19T19:55:23 IST" skipped="0">
  <testcase classname="TestCaseIrctc.Verify" name="searchtrain" time="15.076"/>
  <system-out/>
</testsuite> <!-- TestCaseIrctc.Verify -->
